<?xml version="1.0" encoding="UTF-8"?>
<testng-results ignored="0" total="1" passed="1" failed="0" skipped="0">
  <reporter-output>
  </reporter-output>
  <suite started-at="2024-06-08T11:15:58 CDT" name="Surefire suite" finished-at="2024-06-08T11:15:58 CDT" duration-ms="52">
    <groups>
    </groups>
    <test started-at="2024-06-08T11:15:58 CDT" name="Surefire test" finished-at="2024-06-08T11:15:58 CDT" duration-ms="52">
      <class name="tennisondexter.liveProject.AppTest">
        <test-method signature="shouldAnswerWithTrue()[pri:0, instance:tennisondexter.liveProject.AppTest@5b12b668]" started-at="2024-06-08T11:15:58 CDT" name="shouldAnswerWithTrue" finished-at="2024-06-08T11:15:58 CDT" duration-ms="6" status="PASS">
          <reporter-output>
          </reporter-output>
        </test-method> <!-- shouldAnswerWithTrue -->
      </class> <!-- tennisondexter.liveProject.AppTest -->
    </test> <!-- Surefire test -->
  </suite> <!-- Surefire suite -->
</testng-results>
